<?xml version="1.0" encoding="utf-8"?><testsuites name="pytest tests"><testsuite name="pytest" errors="0" failures="0" skipped="0" tests="10" time="14.801" timestamp="2026-04-28T12:34:59.784705+00:00" hostname="agent-env-bb03673b-af67-4e9c-bc17-0a4a82717b9f"><testcase classname="backend.tests.backend_test.TestMarkets" name="test_list_markets" time="0.236" /><testcase classname="backend.tests.backend_test.TestMarkets" name="test_create_market_persists" time="0.137" /><testcase classname="backend.tests.backend_test.TestMarkets" name="test_orderbook" time="0.098" /><testcase classname="backend.tests.backend_test.TestPortfolio" name="test_portfolio_default" time="0.048" /><testcase classname="backend.tests.backend_test.TestPortfolio" name="test_portfolio_with_wallet" time="0.049" /><testcase classname="backend.tests.backend_test.TestOracleResolve" name="test_recent_resolutions" time="0.062" /><testcase classname="backend.tests.backend_test.TestOracleResolve" name="test_resolve_returns_full_consensus_payload" time="8.588" /><testcase classname="backend.tests.backend_test.TestOracleResolve" name="test_resolve_already_resolved_returns_400" time="5.226" /><testcase classname="backend.tests.backend_test.TestOracleResolve" name="test_resolve_unknown_market_returns_404" time="0.048" /><testcase classname="backend.tests.backend_test.TestOracleResolve" name="test_recent_resolutions_after_resolve" time="0.056" /></testsuite></testsuites>